<?xml version="1.0" encoding="UTF-8"?>
<!-- Generated by org.testng.reporters.JUnitXMLReporter -->
<testsuite hostname="LAPTOP-0UFO5ORC" name="Free CRM App Test Cases" tests="10" failures="3" timestamp="26 Apr 2020 03:33:28 GMT" time="237.724" errors="0">
  <testcase name="loginPageTitleTest" time="0.19" classname="com.crm.qa.testcases.LoginPageTest"/>
  <testcase name="crmLogoImageTest" time="1.849" classname="com.crm.qa.testcases.LoginPageTest"/>
  <testcase name="loginTest" time="0.96" classname="com.crm.qa.testcases.LoginPageTest"/>
  <testcase name="verifyHomePageTitleTest" time="0.536" classname="com.crm.qa.testcases.HomePageTesst"/>
  <testcase name="verifyUserNameTest" time="4.862" classname="com.crm.qa.testcases.HomePageTesst"/>
  <testcase name="verifyMessengerLinkTest" time="6.374" classname="com.crm.qa.testcases.HomePageTesst"/>
  <testcase name="verifymarketplaceLinkTest" time="11.513" classname="com.crm.qa.testcases.HomePageTesst">
    <failure type="org.openqa.selenium.ElementClickInterceptedException" message="element click intercepted: Element &amp;lt;div dir=&amp;quot;ltr&amp;quot; class=&amp;quot;linkWrap noCount&amp;quot;&amp;gt;...&amp;lt;/div&amp;gt; is not clickable at point (155, 239). Other element would receive the click: &amp;lt;div class=&amp;quot;_3ixn&amp;quot;&amp;gt;&amp;lt;/div&amp;gt;
  (Session info: chrome=81.0.4044.122)
Build info: version: &amp;apos;3.14.0&amp;apos;, revision: &amp;apos;aacccce0&amp;apos;, time: &amp;apos;2018-08-02T20:19:58.91Z&amp;apos;
System info: host: &amp;apos;LAPTOP-0UFO5ORC&amp;apos;, ip: &amp;apos;192.168.1.209&amp;apos;, os.name: &amp;apos;Windows 10&amp;apos;, os.arch: &amp;apos;amd64&amp;apos;, os.version: &amp;apos;10.0&amp;apos;, java.version: &amp;apos;1.8.0_221&amp;apos;
Driver info: org.openqa.selenium.chrome.ChromeDriver
Capabilities {acceptInsecureCerts: false, browserName: chrome, browserVersion: 81.0.4044.122, chrome: {chromedriverVersion: 80.0.3987.106 (f68069574609..., userDataDir: C:\Users\MUKESH\AppData\Loc...}, goog:chromeOptions: {debuggerAddress: localhost:55968}, javascriptEnabled: true, networkConnectionEnabled: false, pageLoadStrategy: normal, platform: WINDOWS, platformName: WINDOWS, proxy: Proxy(), setWindowRect: true, strictFileInteractability: false, timeouts: {implicit: 0, pageLoad: 300000, script: 30000}, unhandledPromptBehavior: dismiss and notify}
Session ID: 232ed67898d6c5c7f8947e861d90210f">
      <![CDATA[org.openqa.selenium.ElementClickInterceptedException: element click intercepted: Element <div dir="ltr" class="linkWrap noCount">...</div> is not clickable at point (155, 239). Other element would receive the click: <div class="_3ixn"></div>
  (Session info: chrome=81.0.4044.122)
Build info: version: '3.14.0', revision: 'aacccce0', time: '2018-08-02T20:19:58.91Z'
System info: host: 'LAPTOP-0UFO5ORC', ip: '192.168.1.209', os.name: 'Windows 10', os.arch: 'amd64', os.version: '10.0', java.version: '1.8.0_221'
Driver info: org.openqa.selenium.chrome.ChromeDriver
Capabilities {acceptInsecureCerts: false, browserName: chrome, browserVersion: 81.0.4044.122, chrome: {chromedriverVersion: 80.0.3987.106 (f68069574609..., userDataDir: C:\Users\MUKESH\AppData\Loc...}, goog:chromeOptions: {debuggerAddress: localhost:55968}, javascriptEnabled: true, networkConnectionEnabled: false, pageLoadStrategy: normal, platform: WINDOWS, platformName: WINDOWS, proxy: Proxy(), setWindowRect: true, strictFileInteractability: false, timeouts: {implicit: 0, pageLoad: 300000, script: 30000}, unhandledPromptBehavior: dismiss and notify}
Session ID: 232ed67898d6c5c7f8947e861d90210f
	at org.openqa.selenium.remote.http.W3CHttpResponseCodec.createException(W3CHttpResponseCodec.java:187)
	at org.openqa.selenium.remote.http.W3CHttpResponseCodec.decode(W3CHttpResponseCodec.java:122)
	at org.openqa.selenium.remote.http.W3CHttpResponseCodec.decode(W3CHttpResponseCodec.java:49)
	at org.openqa.selenium.remote.HttpCommandExecutor.execute(HttpCommandExecutor.java:158)
	at org.openqa.selenium.remote.service.DriverCommandExecutor.execute(DriverCommandExecutor.java:83)
	at org.openqa.selenium.remote.RemoteWebDriver.execute(RemoteWebDriver.java:548)
	at org.openqa.selenium.remote.RemoteWebElement.execute(RemoteWebElement.java:276)
	at org.openqa.selenium.remote.RemoteWebElement.click(RemoteWebElement.java:83)
	at org.openqa.selenium.support.pagefactory.internal.LocatingElementHandler.invoke(LocatingElementHandler.java:51)
	at com.sun.proxy.$Proxy8.click(Unknown Source)
	at com.crm.qa.pages.HomePage.clickOnmarketlink(HomePage.java:46)
	at com.crm.qa.testcases.HomePageTesst.verifymarketplaceLinkTest(HomePageTesst.java:65)
... Removed 32 stack frames]]>
    </failure>
  </testcase> <!-- verifymarketplaceLinkTest -->
  <testcase name="verifywatchLinkTest" time="5.01" classname="com.crm.qa.testcases.HomePageTesst"/>
  <testcase name="clickonmarketplaceBtn" time="0.001" classname="com.crm.qa.testcases.marketplace">
    <failure type="java.lang.NullPointerException">
      <![CDATA[java.lang.NullPointerException
	at com.crm.qa.testcases.marketplace.clickonmarketplaceBtn(marketplace.java:37)
	at com.crm.qa.testcases.marketplace.clickonmarketplaceBtn(marketplace.java:37)
... Removed 24 stack frames]]>
    </failure>
  </testcase> <!-- clickonmarketplaceBtn -->
  <testcase name="verifyElectronicsLable" time="0.001" classname="com.crm.qa.testcases.marketplace">
    <failure type="java.lang.NullPointerException">
      <![CDATA[java.lang.NullPointerException
	at com.crm.qa.testcases.marketplace.verifyElectronicsLable(marketplace.java:42)
	at com.crm.qa.testcases.marketplace.verifyElectronicsLable(marketplace.java:42)
... Removed 24 stack frames]]>
    </failure>
  </testcase> <!-- verifyElectronicsLable -->
</testsuite> <!-- Free CRM App Test Cases -->
