<?xml version="1.0" encoding="UTF-8"?>
<!-- Generated by org.testng.reporters.JUnitReportReporter -->
<testsuite hostname="LAPTOP-0UFO5ORC" name="ST_001.NewTest" tests="1" failures="0" timestamp="23 Mar 2020 15:16:43 GMT" time="0.002" errors="1">
  <testcase name="homepage_Title" time="0.002" classname="ST_001.NewTest">
    <error type="org.openqa.selenium.SessionNotCreatedException" message="session not created: This version of ChromeDriver only supports Chrome version 81
Build info: version: &#039;4.0.0-alpha-3&#039;, revision: &#039;8c567de6dc&#039;
System info: host: &#039;LAPTOP-0UFO5ORC&#039;, ip: &#039;192.168.1.209&#039;, os.name: &#039;Windows 10&#039;, os.arch: &#039;amd64&#039;, os.version: &#039;10.0&#039;, java.version: &#039;1.8.0_231&#039;
Driver info: driver.version: ChromeDriver
remote stacktrace: Backtrace:
	Ordinal0 [0x011A5F73+2449267]
	Ordinal0 [0x010D8361+1606497]
	Ordinal0 [0x00FCF969+522601]
	Ordinal0 [0x00F605F3+67059]
	Ordinal0 [0x00F5CD92+52626]
	Ordinal0 [0x00F7C127+180519]
	Ordinal0 [0x00F7BF2D+180013]
	Ordinal0 [0x00F79E5B+171611]
	Ordinal0 [0x00F61DD8+73176]
	Ordinal0 [0x00F62E50+77392]
	Ordinal0 [0x00F62DE9+77289]
	Ordinal0 [0x010ED8D7+1693911]
	GetHandleVerifier [0x01244036+522726]
	GetHandleVerifier [0x01243D74+522020]
	GetHandleVerifier [0x01259187+609079]
	GetHandleVerifier [0x012448A6+524886]
	Ordinal0 [0x010E5CBC+1662140]
	Ordinal0 [0x010EF23B+1700411]
	Ordinal0 [0x010EF3A3+1700771]
	Ordinal0 [0x01105215+1790485]
	BaseThreadInitThunk [0x75E70419+25]
	RtlGetAppContainerNamedObjectPath [0x77CA662D+237]
	RtlGetAppContainerNamedObjectPath [0x77CA65FD+189]
">
      <![CDATA[org.openqa.selenium.SessionNotCreatedException: session not created: This version of ChromeDriver only supports Chrome version 81
Build info: version: '4.0.0-alpha-3', revision: '8c567de6dc'
System info: host: 'LAPTOP-0UFO5ORC', ip: '192.168.1.209', os.name: 'Windows 10', os.arch: 'amd64', os.version: '10.0', java.version: '1.8.0_231'
Driver info: driver.version: ChromeDriver
remote stacktrace: Backtrace:
	Ordinal0 [0x011A5F73+2449267]
	Ordinal0 [0x010D8361+1606497]
	Ordinal0 [0x00FCF969+522601]
	Ordinal0 [0x00F605F3+67059]
	Ordinal0 [0x00F5CD92+52626]
	Ordinal0 [0x00F7C127+180519]
	Ordinal0 [0x00F7BF2D+180013]
	Ordinal0 [0x00F79E5B+171611]
	Ordinal0 [0x00F61DD8+73176]
	Ordinal0 [0x00F62E50+77392]
	Ordinal0 [0x00F62DE9+77289]
	Ordinal0 [0x010ED8D7+1693911]
	GetHandleVerifier [0x01244036+522726]
	GetHandleVerifier [0x01243D74+522020]
	GetHandleVerifier [0x01259187+609079]
	GetHandleVerifier [0x012448A6+524886]
	Ordinal0 [0x010E5CBC+1662140]
	Ordinal0 [0x010EF23B+1700411]
	Ordinal0 [0x010EF3A3+1700771]
	Ordinal0 [0x01105215+1790485]
	BaseThreadInitThunk [0x75E70419+25]
	RtlGetAppContainerNamedObjectPath [0x77CA662D+237]
	RtlGetAppContainerNamedObjectPath [0x77CA65FD+189]

	at sun.reflect.NativeConstructorAccessorImpl.newInstance0(Native Method)
	at sun.reflect.NativeConstructorAccessorImpl.newInstance(Unknown Source)
	at sun.reflect.DelegatingConstructorAccessorImpl.newInstance(Unknown Source)
	at java.lang.reflect.Constructor.newInstance(Unknown Source)
	at org.openqa.selenium.remote.W3CHandshakeResponse.lambda$errorHandler$0(W3CHandshakeResponse.java:62)
	at org.openqa.selenium.remote.HandshakeResponse.lambda$getResponseFunction$0(HandshakeResponse.java:30)
	at org.openqa.selenium.remote.ProtocolHandshake.lambda$createSession$1(ProtocolHandshake.java:127)
	at java.util.stream.ReferencePipeline$3$1.accept(Unknown Source)
	at java.util.Spliterators$ArraySpliterator.tryAdvance(Unknown Source)
	at java.util.stream.ReferencePipeline.forEachWithCancel(Unknown Source)
	at java.util.stream.AbstractPipeline.copyIntoWithCancel(Unknown Source)
	at java.util.stream.AbstractPipeline.copyInto(Unknown Source)
	at java.util.stream.AbstractPipeline.wrapAndCopyInto(Unknown Source)
	at java.util.stream.FindOps$FindOp.evaluateSequential(Unknown Source)
	at java.util.stream.AbstractPipeline.evaluate(Unknown Source)
	at java.util.stream.ReferencePipeline.findFirst(Unknown Source)
	at org.openqa.selenium.remote.ProtocolHandshake.createSession(ProtocolHandshake.java:129)
	at org.openqa.selenium.remote.ProtocolHandshake.createSession(ProtocolHandshake.java:75)
	at org.openqa.selenium.remote.HttpCommandExecutor.execute(HttpCommandExecutor.java:139)
	at org.openqa.selenium.remote.service.DriverCommandExecutor.execute(DriverCommandExecutor.java:83)
	at org.openqa.selenium.remote.RemoteWebDriver.execute(RemoteWebDriver.java:576)
	at org.openqa.selenium.remote.RemoteWebDriver.startSession(RemoteWebDriver.java:210)
	at org.openqa.selenium.remote.RemoteWebDriver.<init>(RemoteWebDriver.java:130)
	at org.openqa.selenium.chromium.ChromiumDriver.<init>(ChromiumDriver.java:75)
	at org.openqa.selenium.chrome.ChromeDriver.<init>(ChromeDriver.java:163)
	at org.openqa.selenium.chrome.ChromeDriver.<init>(ChromeDriver.java:150)
	at org.openqa.selenium.chrome.ChromeDriver.<init>(ChromeDriver.java:105)
	at ST_001.NewTest.beforeClass(NewTest.java:22)
	at sun.reflect.NativeMethodAccessorImpl.invoke0(Native Method)
	at sun.reflect.NativeMethodAccessorImpl.invoke(Unknown Source)
	at sun.reflect.DelegatingMethodAccessorImpl.invoke(Unknown Source)
	at java.lang.reflect.Method.invoke(Unknown Source)
	at org.testng.internal.MethodInvocationHelper.invokeMethod(MethodInvocationHelper.java:85)
	at org.testng.internal.Invoker.invokeConfigurationMethod(Invoker.java:521)
	at org.testng.internal.Invoker.invokeConfigurations(Invoker.java:213)
	at org.testng.internal.Invoker.invokeConfigurations(Invoker.java:140)
	at org.testng.internal.TestMethodWorker.invokeBeforeClassMethods(TestMethodWorker.java:170)
	at org.testng.internal.TestMethodWorker.run(TestMethodWorker.java:104)
	at org.testng.TestRunner.privateRun(TestRunner.java:771)
	at org.testng.TestRunner.run(TestRunner.java:621)
	at org.testng.SuiteRunner.runTest(SuiteRunner.java:357)
	at org.testng.SuiteRunner.runSequentially(SuiteRunner.java:352)
	at org.testng.SuiteRunner.privateRun(SuiteRunner.java:310)
	at org.testng.SuiteRunner.run(SuiteRunner.java:259)
	at org.testng.SuiteRunnerWorker.runSuite(SuiteRunnerWorker.java:52)
	at org.testng.SuiteRunnerWorker.run(SuiteRunnerWorker.java:86)
	at org.testng.TestNG.runSuitesSequentially(TestNG.java:1200)
	at org.testng.TestNG.runSuitesLocally(TestNG.java:1125)
	at org.testng.TestNG.run(TestNG.java:1033)
	at org.testng.remote.RemoteTestNG.run(RemoteTestNG.java:111)
	at org.testng.remote.RemoteTestNG.initAndRun(RemoteTestNG.java:204)
	at org.testng.remote.RemoteTestNG.main(RemoteTestNG.java:175)
]]>
    </error>
  </testcase> <!-- homepage_Title -->
</testsuite> <!-- ST_001.NewTest -->
