<?xml version="1.0" encoding="UTF-8"?>
<testng-results skipped="0" failed="1" total="5" passed="4">
  <reporter-output>
  </reporter-output>
  <suite name="Default suite" duration-ms="126133" started-at="2020-04-25T20:38:45Z" finished-at="2020-04-25T20:40:51Z">
    <groups>
    </groups>
    <test name="Default test" duration-ms="126133" started-at="2020-04-25T20:38:45Z" finished-at="2020-04-25T20:40:51Z">
      <class name="com.crm.qa.testcases.HomePageTesst">
        <test-method status="PASS" signature="setUp()[pri:0, instance:com.crm.qa.testcases.HomePageTesst@7d417077]" name="setUp" is-config="true" duration-ms="18856" started-at="2020-04-25T16:38:45Z" finished-at="2020-04-25T16:39:04Z">
          <reporter-output>
          </reporter-output>
        </test-method> <!-- setUp -->
        <test-method status="FAIL" signature="verifyHomePageTitleTest()[pri:0, instance:com.crm.qa.testcases.HomePageTesst@7d417077]" name="verifyHomePageTitleTest" duration-ms="6152" started-at="2020-04-25T16:39:04Z" finished-at="2020-04-25T16:39:10Z">
          <exception class="java.lang.AssertionError">
            <message>
              <![CDATA[Home page title is not match expected [Facebook - Log In or Sign Up] but found []]]>
            </message>
            <full-stacktrace>
              <![CDATA[java.lang.AssertionError: Home page title is not match expected [Facebook - Log In or Sign Up] but found []
	at org.testng.Assert.fail(Assert.java:94)
	at org.testng.Assert.failNotEquals(Assert.java:496)
	at org.testng.Assert.assertEquals(Assert.java:125)
	at org.testng.Assert.assertEquals(Assert.java:178)
	at com.crm.qa.testcases.HomePageTesst.verifyHomePageTitleTest(HomePageTesst.java:46)
	at sun.reflect.NativeMethodAccessorImpl.invoke0(Native Method)
	at sun.reflect.NativeMethodAccessorImpl.invoke(NativeMethodAccessorImpl.java:62)
	at sun.reflect.DelegatingMethodAccessorImpl.invoke(DelegatingMethodAccessorImpl.java:43)
	at java.lang.reflect.Method.invoke(Method.java:498)
	at org.testng.internal.MethodInvocationHelper.invokeMethod(MethodInvocationHelper.java:85)
	at org.testng.internal.Invoker.invokeMethod(Invoker.java:663)
	at org.testng.internal.Invoker.invokeTestMethod(Invoker.java:849)
	at org.testng.internal.Invoker.invokeTestMethods(Invoker.java:1157)
	at org.testng.internal.TestMethodWorker.invokeTestMethods(TestMethodWorker.java:124)
	at org.testng.internal.TestMethodWorker.run(TestMethodWorker.java:108)
	at org.testng.TestRunner.privateRun(TestRunner.java:771)
	at org.testng.TestRunner.run(TestRunner.java:621)
	at org.testng.SuiteRunner.runTest(SuiteRunner.java:357)
	at org.testng.SuiteRunner.runSequentially(SuiteRunner.java:352)
	at org.testng.SuiteRunner.privateRun(SuiteRunner.java:310)
	at org.testng.SuiteRunner.run(SuiteRunner.java:259)
	at org.testng.SuiteRunnerWorker.runSuite(SuiteRunnerWorker.java:52)
	at org.testng.SuiteRunnerWorker.run(SuiteRunnerWorker.java:86)
	at org.testng.TestNG.runSuitesSequentially(TestNG.java:1200)
	at org.testng.TestNG.runSuitesLocally(TestNG.java:1125)
	at org.testng.TestNG.run(TestNG.java:1033)
	at org.testng.remote.RemoteTestNG.run(RemoteTestNG.java:111)
	at org.testng.remote.RemoteTestNG.initAndRun(RemoteTestNG.java:204)
	at org.testng.remote.RemoteTestNG.main(RemoteTestNG.java:175)
]]>
            </full-stacktrace>
          </exception> <!-- java.lang.AssertionError -->
          <reporter-output>
          </reporter-output>
        </test-method> <!-- verifyHomePageTitleTest -->
        <test-method status="PASS" signature="tearDown()[pri:0, instance:com.crm.qa.testcases.HomePageTesst@7d417077]" name="tearDown" is-config="true" duration-ms="1515" started-at="2020-04-25T16:39:10Z" finished-at="2020-04-25T16:39:11Z">
          <reporter-output>
          </reporter-output>
        </test-method> <!-- tearDown -->
        <test-method status="PASS" signature="setUp()[pri:0, instance:com.crm.qa.testcases.HomePageTesst@7d417077]" name="setUp" is-config="true" duration-ms="15868" started-at="2020-04-25T16:39:11Z" finished-at="2020-04-25T16:39:27Z">
          <reporter-output>
          </reporter-output>
        </test-method> <!-- setUp -->
        <test-method status="PASS" signature="verifyUserNameTest()[pri:0, instance:com.crm.qa.testcases.HomePageTesst@7d417077]" name="verifyUserNameTest" duration-ms="10272" started-at="2020-04-25T16:39:27Z" finished-at="2020-04-25T16:39:38Z">
          <reporter-output>
          </reporter-output>
        </test-method> <!-- verifyUserNameTest -->
        <test-method status="PASS" signature="tearDown()[pri:0, instance:com.crm.qa.testcases.HomePageTesst@7d417077]" name="tearDown" is-config="true" duration-ms="1957" started-at="2020-04-25T16:39:38Z" finished-at="2020-04-25T16:39:40Z">
          <reporter-output>
          </reporter-output>
        </test-method> <!-- tearDown -->
        <test-method status="PASS" signature="setUp()[pri:0, instance:com.crm.qa.testcases.HomePageTesst@7d417077]" name="setUp" is-config="true" duration-ms="18099" started-at="2020-04-25T16:39:40Z" finished-at="2020-04-25T16:39:58Z">
          <reporter-output>
          </reporter-output>
        </test-method> <!-- setUp -->
        <test-method status="PASS" signature="verifyMessengerLinkTest()[pri:0, instance:com.crm.qa.testcases.HomePageTesst@7d417077]" name="verifyMessengerLinkTest" duration-ms="8124" started-at="2020-04-25T16:39:58Z" finished-at="2020-04-25T16:40:06Z">
          <reporter-output>
          </reporter-output>
        </test-method> <!-- verifyMessengerLinkTest -->
        <test-method status="PASS" signature="tearDown()[pri:0, instance:com.crm.qa.testcases.HomePageTesst@7d417077]" name="tearDown" is-config="true" duration-ms="1118" started-at="2020-04-25T16:40:06Z" finished-at="2020-04-25T16:40:07Z">
          <reporter-output>
          </reporter-output>
        </test-method> <!-- tearDown -->
        <test-method status="PASS" signature="setUp()[pri:0, instance:com.crm.qa.testcases.HomePageTesst@7d417077]" name="setUp" is-config="true" duration-ms="15313" started-at="2020-04-25T16:40:07Z" finished-at="2020-04-25T16:40:22Z">
          <reporter-output>
          </reporter-output>
        </test-method> <!-- setUp -->
        <test-method status="PASS" signature="verifymarketplaceLinkTest()[pri:0, instance:com.crm.qa.testcases.HomePageTesst@7d417077]" name="verifymarketplaceLinkTest" duration-ms="4339" started-at="2020-04-25T16:40:22Z" finished-at="2020-04-25T16:40:27Z">
          <reporter-output>
          </reporter-output>
        </test-method> <!-- verifymarketplaceLinkTest -->
        <test-method status="PASS" signature="tearDown()[pri:0, instance:com.crm.qa.testcases.HomePageTesst@7d417077]" name="tearDown" is-config="true" duration-ms="1506" started-at="2020-04-25T16:40:27Z" finished-at="2020-04-25T16:40:28Z">
          <reporter-output>
          </reporter-output>
        </test-method> <!-- tearDown -->
        <test-method status="PASS" signature="setUp()[pri:0, instance:com.crm.qa.testcases.HomePageTesst@7d417077]" name="setUp" is-config="true" duration-ms="15922" started-at="2020-04-25T16:40:28Z" finished-at="2020-04-25T16:40:44Z">
          <reporter-output>
          </reporter-output>
        </test-method> <!-- setUp -->
        <test-method status="PASS" signature="verifywatchLinkTest()[pri:0, instance:com.crm.qa.testcases.HomePageTesst@7d417077]" name="verifywatchLinkTest" duration-ms="5694" started-at="2020-04-25T16:40:44Z" finished-at="2020-04-25T16:40:50Z">
          <reporter-output>
          </reporter-output>
        </test-method> <!-- verifywatchLinkTest -->
        <test-method status="PASS" signature="tearDown()[pri:0, instance:com.crm.qa.testcases.HomePageTesst@7d417077]" name="tearDown" is-config="true" duration-ms="1343" started-at="2020-04-25T16:40:50Z" finished-at="2020-04-25T16:40:51Z">
          <reporter-output>
          </reporter-output>
        </test-method> <!-- tearDown -->
      </class> <!-- com.crm.qa.testcases.HomePageTesst -->
    </test> <!-- Default test -->
  </suite> <!-- Default suite -->
</testng-results>
